<?xml version="1.0" encoding="UTF-8"?>
<!-- Generated by org.testng.reporters.JUnitReportReporter -->
<testsuite skipped="0" hostname="AHMcsingh0WFGYY.local" name="features.TestNGRunner" tests="1" failures="0" timestamp="07 May 2018 06:07:19 GMT" time="20.865" errors="0">
  <testcase name="feature" time="20.865" classname="features.TestNGRunner"/>
</testsuite> <!-- features.TestNGRunner -->
